FAILED tests/test_admin_router.py::TestAdminRouter::test_import_database_with_admin_role - assert 500 == 200
FAILED tests/test_admin_router.py::TestAdminRouter::test_import_database_with_invalid_sql - assert 200 == 500
FAILED tests/test_admin_router.py::TestAdminRouter::test_backup_and_restore_roundtrip - sqlalchemy.exc.ArgumentError: Textual SQL expression 'DELETE FROM category' should be explicitly decla...
FAILED tests/test_admin_router.py::TestAdminRouter::test_backup_content_integrity - AssertionError: assert 'DELETE FROM user_role_link' in '-- FreeSchool Database Backup\n-- Generated at...
FAILED tests/test_admin_router.py::TestAdminRouter::test_empty_backup - sqlalchemy.exc.ArgumentError: Textual SQL expression 'DELETE FROM user_role_lin...' should be explicit...
